#
# There is insufficient memory for the Java Runtime Environment to continue.
# Native memory allocation (mmap) failed to map 268435456 bytes for G1 virtual space
# Possible reasons:
#   The system is out of physical RAM or swap space
#   The process is running with CompressedOops enabled, and the Java Heap may be blocking the growth of the native heap
# Possible solutions:
#   Reduce memory load on the system
#   Increase physical memory or swap space
#   Check if swap backing store is full
#   Decrease Java heap size (-Xmx/-Xms)
#   Decrease number of Java threads
#   Decrease Java thread stack sizes (-Xss)
#   Set larger code cache with -XX:ReservedCodeCacheSize=
#   JVM is running with Zero Based Compressed Oops mode in which the Java heap is
#     placed in the first 32GB address space. The Java Heap base address is the
#     maximum limit for the native heap growth. Please use -XX:HeapBaseMinAddress
#     to set the Java Heap base and to place the Java Heap above 32GB virtual address.
# This output file may be truncated or incomplete.
#
#  Out of Memory Error (os_windows.cpp:3753), pid=3812, tid=4748
#
# JRE version:  (17.0.4.1+7) (build )
# Java VM: OpenJDK 64-Bit Server VM (17.0.4.1+7-b469.62, mixed mode, sharing, tiered, compressed oops, compressed class ptrs, g1 gc, windows-amd64)
# No core dump will be written. Minidumps are not enabled by default on client versions of Windows
#

---------------  S U M M A R Y ------------

Command Line: git4idea.http.GitAskPassApp Username for 'https://github.com': 

Host: AMD Ryzen 7 3700X 8-Core Processor             , 16 cores, 15G,  Windows 10 , 64 bit Build 19041 (10.0.19041.1566)
Time: Mon Nov 14 01:44:21 2022 RTZ 2 (s 10 , 64 bit Build 19041 (10.0.19041.1566) elapsed time: 0.005038 seconds (0d 0h 0m 0s)

---------------  T H R E A D  ---------------

Current thread (0x0000020387ec1790):  JavaThread "Unknown thread" [_thread_in_vm, id=4748, stack(0x000000dc5d300000,0x000000dc5d400000)]

Stack: [0x000000dc5d300000,0x000000dc5d400000]
Native frames: (J=compiled Java code, j=interpreted, Vv=VM code, C=native code)
V  [jvm.dll+0x68356a]
V  [jvm.dll+0x83fab4]
V  [jvm.dll+0x84125e]
V  [jvm.dll+0x8418c3]
V  [jvm.dll+0x249735]
V  [jvm.dll+0x680439]
V  [jvm.dll+0x674a7a]
V  [jvm.dll+0x30956b]
V  [jvm.dll+0x310a26]
V  [jvm.dll+0x36089e]
V  [jvm.dll+0x360acf]
V  [jvm.dll+0x2df658]
V  [jvm.dll+0x2e05c4]
V  [jvm.dll+0x8112a1]
V  [jvm.dll+0x36e6f1]
V  [jvm.dll+0x7f076c]
V  [jvm.dll+0x3f180f]
V  [jvm.dll+0x3f3351]
C  [jli.dll+0x526b]
C  [ucrtbase.dll+0x21bb2]
C  [KERNEL32.DLL+0x17034]
C  [ntdll.dll+0x52651]


---------------  P R O C E S S  ---------------

Threads class SMR info:
_java_thread_list=0x00007fffba3f7f58, length=0, elements={
}

Java Threads: ( => current thread )

Other Threads:
  0x0000020387f2f670 GCTaskThread "GC Thread#0" [stack: 0x000000dc5d400000,0x000000dc5d500000] [id=7708]
  0x0000020387f40480 ConcurrentGCThread "G1 Main Marker" [stack: 0x000000dc5d500000,0x000000dc5d600000] [id=15800]
  0x0000020387f41630 ConcurrentGCThread "G1 Conc#0" [stack: 0x000000dc5d600000,0x000000dc5d700000] [id=7244]

[error occurred during error reporting (printing all threads), id 0xc0000005, EXCEPTION_ACCESS_VIOLATION (0xc0000005) at pc=0x00007fffb9bb0217]

VM state: not at safepoint (not fully initialized)

VM Mutex/Monitor currently owned by a thread:  ([mutex/lock_event])
[0x0000020387ebb410] Heap_lock - owner thread: 0x0000020387ec1790

Heap address: 0x0000000701200000, size: 4078 MB, Compressed Oops mode: Zero based, Oop shift amount: 3

CDS archive(s) mapped at: [0x0000000000000000-0x0000000000000000-0x0000000000000000), size 0, SharedBaseAddress: 0x0000000800000000, ArchiveRelocationMode: 0.
Narrow klass base: 0x0000000000000000, Narrow klass shift: 0, Narrow klass range: 0x0

GC Precious Log:
<Empty>

Heap:
 garbage-first heap   total 0K, used 0K [0x0000000701200000, 0x0000000800000000)
  region size 2048K, 0 young (0K), 0 survivors (0K)

[error occurred during error reporting (printing heap information), id 0xc0000005, EXCEPTION_ACCESS_VIOLATION (0xc0000005) at pc=0x00007fffb9f9d1f9]

GC Heap History (0 events):
No events

Deoptimization events (0 events):
No events

Classes unloaded (0 events):
No events

Classes redefined (0 events):
No events

Internal exceptions (0 events):
No events

VM Operations (0 events):
No events

Events (1 events):
Event: 0.003 Loaded shared library C:\Users\k\AppData\Local\JetBrains\Toolbox\apps\IDEA-U\ch-0\222.4345.14\jbr\bin\java.dll


Dynamic libraries:
0x00007ff6fdba0000 - 0x00007ff6fdbaa000 	C:\Users\k\AppData\Local\JetBrains\Toolbox\apps\IDEA-U\ch-0\222.4345.14\jbr\bin\java.exe
0x00007ffff74b0000 - 0x00007ffff76a5000 	C:\Windows\SYSTEM32\ntdll.dll
0x00007ffff56c0000 - 0x00007ffff577e000 	C:\Windows\System32\KERNEL32.DLL
0x00007ffff5240000 - 0x00007ffff5508000 	C:\Windows\System32\KERNELBASE.dll
0x00007ffff4e90000 - 0x00007ffff4f90000 	C:\Windows\System32\ucrtbase.dll
0x00007fffc32d0000 - 0x00007fffc32e7000 	C:\Users\k\AppData\Local\JetBrains\Toolbox\apps\IDEA-U\ch-0\222.4345.14\jbr\bin\jli.dll
0x00007fffc3290000 - 0x00007fffc32ab000 	C:\Users\k\AppData\Local\JetBrains\Toolbox\apps\IDEA-U\ch-0\222.4345.14\jbr\bin\VCRUNTIME140.dll
0x00007ffff72a0000 - 0x00007ffff7440000 	C:\Windows\System32\USER32.dll
0x00007ffff4dd0000 - 0x00007ffff4df2000 	C:\Windows\System32\win32u.dll
0x00007ffff6720000 - 0x00007ffff674b000 	C:\Windows\System32\GDI32.dll
0x00007fffd5320000 - 0x00007fffd55ba000 	C:\Windows\WinSxS\amd64_microsoft.windows.common-controls_6595b64144ccf1df_6.0.19041.1110_none_60b5254171f9507e\COMCTL32.dll
0x00007ffff4cc0000 - 0x00007ffff4dcb000 	C:\Windows\System32\gdi32full.dll
0x00007ffff4bd0000 - 0x00007ffff4c6d000 	C:\Windows\System32\msvcp_win.dll
0x00007ffff6de0000 - 0x00007ffff6e7e000 	C:\Windows\System32\msvcrt.dll
0x00007ffff7270000 - 0x00007ffff72a0000 	C:\Windows\System32\IMM32.DLL
0x00007fffd12e0000 - 0x00007fffd12ec000 	C:\Users\k\AppData\Local\JetBrains\Toolbox\apps\IDEA-U\ch-0\222.4345.14\jbr\bin\vcruntime140_1.dll
0x00007fffb8aa0000 - 0x00007fffb8b2d000 	C:\Users\k\AppData\Local\JetBrains\Toolbox\apps\IDEA-U\ch-0\222.4345.14\jbr\bin\msvcp140.dll
0x00007fffb98c0000 - 0x00007fffba529000 	C:\Users\k\AppData\Local\JetBrains\Toolbox\apps\IDEA-U\ch-0\222.4345.14\jbr\bin\server\jvm.dll
0x00007ffff67c0000 - 0x00007ffff686e000 	C:\Windows\System32\ADVAPI32.dll
0x00007ffff6ca0000 - 0x00007ffff6d3c000 	C:\Windows\System32\sechost.dll
0x00007ffff5d60000 - 0x00007ffff5e85000 	C:\Windows\System32\RPCRT4.dll
0x00007ffff5e90000 - 0x00007ffff5e98000 	C:\Windows\System32\PSAPI.DLL
0x00007fffdb570000 - 0x00007fffdb579000 	C:\Windows\SYSTEM32\WSOCK32.dll
0x00007fffef120000 - 0x00007fffef12a000 	C:\Windows\SYSTEM32\VERSION.dll
0x00007ffff6750000 - 0x00007ffff67bb000 	C:\Windows\System32\WS2_32.dll
0x00007fffea570000 - 0x00007fffea597000 	C:\Windows\SYSTEM32\WINMM.dll
0x00007ffff29f0000 - 0x00007ffff2a02000 	C:\Windows\SYSTEM32\kernel.appcore.dll
0x00007ffff2390000 - 0x00007ffff239a000 	C:\Users\k\AppData\Local\JetBrains\Toolbox\apps\IDEA-U\ch-0\222.4345.14\jbr\bin\jimage.dll
0x00007fffd37c0000 - 0x00007fffd39a4000 	C:\Windows\SYSTEM32\DBGHELP.DLL
0x00007fffd3770000 - 0x00007fffd379c000 	C:\Windows\SYSTEM32\dbgcore.DLL
0x00007ffff4e00000 - 0x00007ffff4e82000 	C:\Windows\System32\bcryptPrimitives.dll
0x00007ffff2330000 - 0x00007ffff2355000 	C:\Users\k\AppData\Local\JetBrains\Toolbox\apps\IDEA-U\ch-0\222.4345.14\jbr\bin\java.dll

dbghelp: loaded successfully - version: 4.0.5 - missing functions: none
symbol engine: initialized successfully - sym options: 0x614 - pdb path: .;C:\Users\k\AppData\Local\JetBrains\Toolbox\apps\IDEA-U\ch-0\222.4345.14\jbr\bin;C:\Windows\SYSTEM32;C:\Windows\WinSxS\amd64_microsoft.windows.common-controls_6595b64144ccf1df_6.0.19041.1110_none_60b5254171f9507e;C:\Users\k\AppData\Local\JetBrains\Toolbox\apps\IDEA-U\ch-0\222.4345.14\jbr\bin\server

VM Arguments:
java_command: git4idea.http.GitAskPassApp Username for 'https://github.com': 
java_class_path (initial): C:/Users/k/AppData/Local/JetBrains/Toolbox/apps/IDEA-U/ch-0/222.4345.14/plugins/git4idea/lib/git4idea-rt.jar;C:/Users/k/AppData/Local/JetBrains/Toolbox/apps/IDEA-U/ch-0/222.4345.14/lib/externalProcess-rt.jar;C:/Users/k/AppData/Local/JetBrains/Toolbox/apps/IDEA-U/ch-0/222.4345.14/lib/app.jar;C:/Users/k/AppData/Local/JetBrains/Toolbox/apps/IDEA-U/ch-0/222.4345.14/lib/3rd-party-rt.jar
Launcher Type: SUN_STANDARD

[Global flags]
     intx CICompilerCount                          = 12                                        {product} {ergonomic}
     uint ConcGCThreads                            = 3                                         {product} {ergonomic}
     uint G1ConcRefinementThreads                  = 13                                        {product} {ergonomic}
   size_t G1HeapRegionSize                         = 2097152                                   {product} {ergonomic}
    uintx GCDrainStackTargetSize                   = 64                                        {product} {ergonomic}
   size_t InitialHeapSize                          = 268435456                                 {product} {ergonomic}
   size_t MarkStackSize                            = 4194304                                   {product} {ergonomic}
   size_t MaxHeapSize                              = 4276092928                                {product} {ergonomic}
   size_t MinHeapDeltaBytes                        = 2097152                                   {product} {ergonomic}
   size_t MinHeapSize                              = 8388608                                   {product} {ergonomic}
    uintx NonNMethodCodeHeapSize                   = 7602480                                {pd product} {ergonomic}
    uintx NonProfiledCodeHeapSize                  = 122027880                              {pd product} {ergonomic}
    uintx ProfiledCodeHeapSize                     = 122027880                              {pd product} {ergonomic}
    uintx ReservedCodeCacheSize                    = 251658240                              {pd product} {ergonomic}
     bool SegmentedCodeCache                       = true                                      {product} {ergonomic}
   size_t SoftMaxHeapSize                          = 4276092928                             {manageable} {ergonomic}
     bool UseCompressedClassPointers               = true                           {product lp64_product} {ergonomic}
     bool UseCompressedOops                        = true                           {product lp64_product} {ergonomic}
     bool UseG1GC                                  = true                                      {product} {ergonomic}
     bool UseLargePagesIndividualAllocation        = false                                  {pd product} {ergonomic}

Logging:
Log output configuration:
 #0: stdout all=warning uptime,level,tags
 #1: stderr all=off uptime,level,tags

Environment Variables:
PATH=C:\Program Files\Git\mingw64\libexec\git-core;C:\Program Files\Git\mingw64\libexec\git-core;C:\Program Files\Git\mingw64\bin;C:\Program Files\Git\usr\bin;C:\Users\k\bin;E:\sql_course\dbhomeXE\bin;C:\Windows\system32;C:\Windows;C:\Windows\System32\Wbem;C:\Windows\System32\WindowsPowerShell\v1.0;C:\Program Files (x86)\NVIDIA Corporation\PhysX\Common;C:\Program Files (x86)\Streamlink\bin;C:\Program Files\Git\cmd;C:\Users\k\AppData\Local\Microsoft\WindowsApps;C:\Users\k\AppData\Local\JetBrains\Toolbox\scripts
USERNAME=k
DISPLAY=:0.0
LC_ALL=en_US.UTF-8
TERM=cygwin
TMPDIR=C:\Temp
OS=Windows_NT
PROCESSOR_IDENTIFIER=AMD64 Family 23 Model 113 Stepping 0, AuthenticAMD
TMP=C:\Temp
TEMP=C:\Temp



---------------  S Y S T E M  ---------------

OS:
 Windows 10 , 64 bit Build 19041 (10.0.19041.1566)
OS uptime: 7 days 0:45 hours

CPU: total 16 (initial active 16) (16 cores per cpu, 2 threads per core) family 23 model 113 stepping 0 microcode 0x0, cx8, cmov, fxsr, ht, mmx, 3dnowpref, sse, sse2, sse3, ssse3, sse4a, sse4.1, sse4.2, popcnt, lzcnt, tsc, tscinvbit, avx, avx2, aes, clmul, bmi1, bmi2, adx, sha, fma, vzeroupper, clflush, clflushopt

Memory: 4k page, system-wide physical 16310M (3495M free)
TotalPageFile size 16310M (AvailPageFile size 122M)
current process WorkingSet (physical memory assigned to process): 10M, peak: 10M
current process commit charge ("private bytes"): 70M, peak: 326M

vm_info: OpenJDK 64-Bit Server VM (17.0.4.1+7-b469.62) for windows-amd64 JRE (17.0.4.1+7-b469.62), built on 2022-09-22 by "builduser" with MS VC++ 16.10 / 16.11 (VS2019)

END.
